b:\documents\github\rts project\rts project\development platformer\game\vc141.pdb
b:\documents\github\rts project\rts project\development platformer\game\vc141.idb
b:\documents\github\rts project\rts project\development platformer\game\j1audio.obj
b:\documents\github\rts project\rts project\development platformer\game\j1alien.obj
b:\documents\github\rts project\rts project\development platformer\game\j1scene.obj
b:\documents\github\rts project\rts project\development platformer\game\j1player2.obj
b:\documents\github\rts project\rts project\development platformer\game\j1player1.obj
b:\documents\github\rts project\rts project\development platformer\game\j1perftimer.obj
b:\documents\github\rts project\rts project\development platformer\game\j1pathfinding.obj
b:\documents\github\rts project\rts project\development platformer\game\j1map.obj
b:\documents\github\rts project\rts project\development platformer\game\j1input.obj
b:\documents\github\rts project\rts project\development platformer\game\j1app.obj
b:\documents\github\rts project\rts project\development platformer\game\j1main.obj
b:\documents\github\rts project\rts project\development platformer\game\j1gui.obj
b:\documents\github\rts project\rts project\development platformer\game\j1coin.obj
b:\documents\github\rts project\rts project\development platformer\game\j1fonts.obj
b:\documents\github\rts project\rts project\development platformer\game\j1collisions.obj
b:\documents\github\rts project\rts project\development platformer\game\j1fadescene.obj
b:\documents\github\rts project\rts project\development platformer\game\j1entitymanager.obj
b:\documents\github\rts project\rts project\development platformer\game\j1entity.obj
b:\documents\github\rts project\rts project\development platformer\game\j1enemy.obj
b:\documents\github\rts project\rts project\development platformer\game\j1console.obj
b:\documents\github\rts project\rts project\development platformer\game\ui_text.obj
b:\documents\github\rts project\rts project\development platformer\game\ui_scrollbar.obj
b:\documents\github\rts project\rts project\development platformer\game\ui_inputbox.obj
b:\documents\github\rts project\rts project\development platformer\game\ui_image.obj
b:\documents\github\rts project\rts project\development platformer\game\ui_button.obj
b:\documents\github\rts project\rts project\development platformer\game\ui.obj
b:\documents\github\rts project\rts project\development platformer\game\pugixml.obj
b:\documents\github\rts project\rts project\development platformer\game\j1player.obj
b:\documents\github\rts project\rts project\development platformer\game\j1window.obj
b:\documents\github\rts project\rts project\development platformer\game\j1textures.obj
b:\documents\github\rts project\rts project\development platformer\game\j1render.obj
b:\documents\github\rts project\rts project\development platformer\game\p2log.obj
b:\documents\github\rts project\rts project\development platformer\game\mmgr.obj
b:\documents\github\rts project\rts project\development platformer\game\j1mecha.obj
b:\documents\github\rts project\rts project\development platformer\game\j1timer.obj
b:\documents\github\rts project\rts project\development platformer\debug\motor 2d.exe
b:\documents\github\rts project\rts project\development platformer\debug\motor 2d.ilk
b:\documents\github\rts project\rts project\development platformer\debug\motor 2d.pdb
b:\documents\github\rts project\rts project\development platformer\game\animations.xml
b:\documents\github\rts project\rts project\development platformer\game\config.xml
b:\documents\github\rts project\rts project\development platformer\game\save_game.xml
b:\documents\github\rts project\rts project\development platformer\game\motor 2d.tlog\cl.command.1.tlog
b:\documents\github\rts project\rts project\development platformer\game\motor 2d.tlog\cl.read.1.tlog
b:\documents\github\rts project\rts project\development platformer\game\motor 2d.tlog\cl.write.1.tlog
b:\documents\github\rts project\rts project\development platformer\game\motor 2d.tlog\link.command.1.tlog
b:\documents\github\rts project\rts project\development platformer\game\motor 2d.tlog\link.read.1.tlog
b:\documents\github\rts project\rts project\development platformer\game\motor 2d.tlog\link.write.1.tlog
